C:\USERS\Александр\DOCUMENTS\VISUAL STUDIO 2012\PROJECTS\Бюро знакомств\Бюро знакомств\DEBUG\Бюро знакомств.PCH
C:\USERS\Александр\DOCUMENTS\VISUAL STUDIO 2012\PROJECTS\Бюро знакомств\Бюро знакомств\DEBUG\STDAFX.OBJ
C:\USERS\АЛЕКСАНДР\DOCUMENTS\VISUAL STUDIO 2012\PROJECTS\БЮРО ЗНАКОМСТВ\БЮРО ЗНАКОМСТВ\DEBUG\VC110.PDB
C:\USERS\Александр\DOCUMENTS\VISUAL STUDIO 2012\PROJECTS\Бюро знакомств\Бюро знакомств\DEBUG\SAMPLE.OBJ
C:\USERS\Александр\DOCUMENTS\VISUAL STUDIO 2012\PROJECTS\Бюро знакомств\Бюро знакомств\DEBUG\ASSEMBLYINFO.OBJ
C:\USERS\Александр\DOCUMENTS\VISUAL STUDIO 2012\PROJECTS\Бюро знакомств\Бюро знакомств\DEBUG\.NETFRAMEWORK,VERSION=V4.5.ASSEMBLYATTRIBUTES.OBJ
C:\USERS\Александр\DOCUMENTS\VISUAL STUDIO 2012\PROJECTS\Бюро знакомств\Бюро знакомств\DEBUG\POTENCIALMARRIED.OBJ
C:\USERS\Александр\DOCUMENTS\VISUAL STUDIO 2012\PROJECTS\Бюро знакомств\DEBUG\Бюро знакомств.ILK
C:\USERS\Александр\DOCUMENTS\VISUAL STUDIO 2012\PROJECTS\Бюро знакомств\DEBUG\Бюро знакомств.EXE
C:\USERS\АЛЕКСАНДР\DOCUMENTS\VISUAL STUDIO 2012\PROJECTS\БЮРО ЗНАКОМСТВ\DEBUG\БЮРО ЗНАКОМСТВ.PDB
C:\USERS\Александр\DOCUMENTS\VISUAL STUDIO 2012\PROJECTS\Бюро знакомств\Бюро знакомств\DEBUG\APP.RES
C:\Users\Александр\documents\visual studio 2012\Projects\Бюро знакомств\Бюро знакомств\Debug\Бюро_знакомств.Form1.resources
C:\Users\Александр\documents\visual studio 2012\Projects\Бюро знакомств\Бюро знакомств\Debug\Бюро знакомств.vcxproj.GenerateResource.Cache
C:\Users\Александр\documents\visual studio 2012\Projects\Бюро знакомств\Бюро знакомств\Debug\Бюро знакомств.vcxprojResolveAssemblyReference.cache
C:\Users\Александр\documents\visual studio 2012\Projects\Бюро знакомств\Бюро знакомств\Debug\.NETFramework,Version=v4.5.AssemblyAttributes.obj
C:\Users\Александр\documents\visual studio 2012\Projects\Бюро знакомств\Бюро знакомств\Debug\AssemblyInfo.obj
C:\Users\Александр\documents\visual studio 2012\Projects\Бюро знакомств\Бюро знакомств\Debug\PotencialMarried.obj
C:\Users\Александр\documents\visual studio 2012\Projects\Бюро знакомств\Бюро знакомств\Debug\Sample.obj
C:\Users\Александр\documents\visual studio 2012\Projects\Бюро знакомств\Бюро знакомств\Debug\stdafx.obj
C:\Users\Александр\documents\visual studio 2012\Projects\Бюро знакомств\Бюро знакомств\Debug\cl.command.1.tlog
C:\Users\Александр\documents\visual studio 2012\Projects\Бюро знакомств\Бюро знакомств\Debug\CL.read.1.tlog
C:\Users\Александр\documents\visual studio 2012\Projects\Бюро знакомств\Бюро знакомств\Debug\CL.write.1.tlog
C:\Users\Александр\documents\visual studio 2012\Projects\Бюро знакомств\Бюро знакомств\Debug\link.2208-cvtres.read.1.tlog
C:\Users\Александр\documents\visual studio 2012\Projects\Бюро знакомств\Бюро знакомств\Debug\link.2208-cvtres.write.1.tlog
C:\Users\Александр\documents\visual studio 2012\Projects\Бюро знакомств\Бюро знакомств\Debug\link.2208-rc.read.1.tlog
C:\Users\Александр\documents\visual studio 2012\Projects\Бюро знакомств\Бюро знакомств\Debug\link.2208-rc.write.1.tlog
C:\Users\Александр\documents\visual studio 2012\Projects\Бюро знакомств\Бюро знакомств\Debug\link.2208.read.1.tlog
C:\Users\Александр\documents\visual studio 2012\Projects\Бюро знакомств\Бюро знакомств\Debug\link.2208.write.1.tlog
C:\Users\Александр\documents\visual studio 2012\Projects\Бюро знакомств\Бюро знакомств\Debug\link.3528-cvtres.read.1.tlog
C:\Users\Александр\documents\visual studio 2012\Projects\Бюро знакомств\Бюро знакомств\Debug\link.3528-cvtres.write.1.tlog
C:\Users\Александр\documents\visual studio 2012\Projects\Бюро знакомств\Бюро знакомств\Debug\link.3528-rc.read.1.tlog
C:\Users\Александр\documents\visual studio 2012\Projects\Бюро знакомств\Бюро знакомств\Debug\link.3528-rc.write.1.tlog
C:\Users\Александр\documents\visual studio 2012\Projects\Бюро знакомств\Бюро знакомств\Debug\link.3528.read.1.tlog
C:\Users\Александр\documents\visual studio 2012\Projects\Бюро знакомств\Бюро знакомств\Debug\link.3528.write.1.tlog
C:\Users\Александр\documents\visual studio 2012\Projects\Бюро знакомств\Бюро знакомств\Debug\link.3916-cvtres.read.1.tlog
C:\Users\Александр\documents\visual studio 2012\Projects\Бюро знакомств\Бюро знакомств\Debug\link.3916-cvtres.write.1.tlog
C:\Users\Александр\documents\visual studio 2012\Projects\Бюро знакомств\Бюро знакомств\Debug\link.3916-rc.read.1.tlog
C:\Users\Александр\documents\visual studio 2012\Projects\Бюро знакомств\Бюро знакомств\Debug\link.3916-rc.write.1.tlog
C:\Users\Александр\documents\visual studio 2012\Projects\Бюро знакомств\Бюро знакомств\Debug\link.3916.read.1.tlog
C:\Users\Александр\documents\visual studio 2012\Projects\Бюро знакомств\Бюро знакомств\Debug\link.3916.write.1.tlog
C:\Users\Александр\documents\visual studio 2012\Projects\Бюро знакомств\Бюро знакомств\Debug\link.4312-cvtres.read.1.tlog
C:\Users\Александр\documents\visual studio 2012\Projects\Бюро знакомств\Бюро знакомств\Debug\link.4312-cvtres.write.1.tlog
C:\Users\Александр\documents\visual studio 2012\Projects\Бюро знакомств\Бюро знакомств\Debug\link.4312-rc.read.1.tlog
C:\Users\Александр\documents\visual studio 2012\Projects\Бюро знакомств\Бюро знакомств\Debug\link.4312-rc.write.1.tlog
C:\Users\Александр\documents\visual studio 2012\Projects\Бюро знакомств\Бюро знакомств\Debug\link.4312.read.1.tlog
C:\Users\Александр\documents\visual studio 2012\Projects\Бюро знакомств\Бюро знакомств\Debug\link.4312.write.1.tlog
C:\Users\Александр\documents\visual studio 2012\Projects\Бюро знакомств\Бюро знакомств\Debug\link.5296-cvtres.read.1.tlog
C:\Users\Александр\documents\visual studio 2012\Projects\Бюро знакомств\Бюро знакомств\Debug\link.5296-cvtres.write.1.tlog
C:\Users\Александр\documents\visual studio 2012\Projects\Бюро знакомств\Бюро знакомств\Debug\link.5296-rc.read.1.tlog
C:\Users\Александр\documents\visual studio 2012\Projects\Бюро знакомств\Бюро знакомств\Debug\link.5296-rc.write.1.tlog
C:\Users\Александр\documents\visual studio 2012\Projects\Бюро знакомств\Бюро знакомств\Debug\link.5296.read.1.tlog
C:\Users\Александр\documents\visual studio 2012\Projects\Бюро знакомств\Бюро знакомств\Debug\link.5296.write.1.tlog
C:\Users\Александр\documents\visual studio 2012\Projects\Бюро знакомств\Бюро знакомств\Debug\link.5448-cvtres.read.1.tlog
C:\Users\Александр\documents\visual studio 2012\Projects\Бюро знакомств\Бюро знакомств\Debug\link.5448-cvtres.write.1.tlog
C:\Users\Александр\documents\visual studio 2012\Projects\Бюро знакомств\Бюро знакомств\Debug\link.5448-rc.read.1.tlog
C:\Users\Александр\documents\visual studio 2012\Projects\Бюро знакомств\Бюро знакомств\Debug\link.5448-rc.write.1.tlog
C:\Users\Александр\documents\visual studio 2012\Projects\Бюро знакомств\Бюро знакомств\Debug\link.5448.read.1.tlog
C:\Users\Александр\documents\visual studio 2012\Projects\Бюро знакомств\Бюро знакомств\Debug\link.5448.write.1.tlog
C:\Users\Александр\documents\visual studio 2012\Projects\Бюро знакомств\Бюро знакомств\Debug\link.5628-cvtres.read.1.tlog
C:\Users\Александр\documents\visual studio 2012\Projects\Бюро знакомств\Бюро знакомств\Debug\link.5628-cvtres.write.1.tlog
C:\Users\Александр\documents\visual studio 2012\Projects\Бюро знакомств\Бюро знакомств\Debug\link.5628-rc.read.1.tlog
C:\Users\Александр\documents\visual studio 2012\Projects\Бюро знакомств\Бюро знакомств\Debug\link.5628-rc.write.1.tlog
C:\Users\Александр\documents\visual studio 2012\Projects\Бюро знакомств\Бюро знакомств\Debug\link.5628.read.1.tlog
C:\Users\Александр\documents\visual studio 2012\Projects\Бюро знакомств\Бюро знакомств\Debug\link.5628.write.1.tlog
C:\Users\Александр\documents\visual studio 2012\Projects\Бюро знакомств\Бюро знакомств\Debug\link.6052-cvtres.read.1.tlog
C:\Users\Александр\documents\visual studio 2012\Projects\Бюро знакомств\Бюро знакомств\Debug\link.6052-cvtres.write.1.tlog
C:\Users\Александр\documents\visual studio 2012\Projects\Бюро знакомств\Бюро знакомств\Debug\link.6052-rc.read.1.tlog
C:\Users\Александр\documents\visual studio 2012\Projects\Бюро знакомств\Бюро знакомств\Debug\link.6052-rc.write.1.tlog
C:\Users\Александр\documents\visual studio 2012\Projects\Бюро знакомств\Бюро знакомств\Debug\link.6052.read.1.tlog
C:\Users\Александр\documents\visual studio 2012\Projects\Бюро знакомств\Бюро знакомств\Debug\link.6052.write.1.tlog
C:\Users\Александр\documents\visual studio 2012\Projects\Бюро знакомств\Бюро знакомств\Debug\link.command.1.tlog
C:\Users\Александр\documents\visual studio 2012\Projects\Бюро знакомств\Бюро знакомств\Debug\link.read.1.tlog
C:\Users\Александр\documents\visual studio 2012\Projects\Бюро знакомств\Бюро знакомств\Debug\link.write.1.tlog
C:\Users\Александр\documents\visual studio 2012\Projects\Бюро знакомств\Бюро знакомств\Debug\metagen.read.1.tlog
C:\Users\Александр\documents\visual studio 2012\Projects\Бюро знакомств\Бюро знакомств\Debug\metagen.write.1.tlog
C:\Users\Александр\documents\visual studio 2012\Projects\Бюро знакомств\Бюро знакомств\Debug\rc.command.1.tlog
C:\Users\Александр\documents\visual studio 2012\Projects\Бюро знакомств\Бюро знакомств\Debug\rc.read.1.tlog
C:\Users\Александр\documents\visual studio 2012\Projects\Бюро знакомств\Бюро знакомств\Debug\rc.write.1.tlog
C:\Users\Александр\documents\visual studio 2012\Projects\Бюро знакомств\Бюро знакомств\Debug\Бюро знакомств.write.1.tlog
C:\Users\Александр\documents\visual studio 2012\Projects\Бюро знакомств\Бюро знакомств\Debug\app.res
C:\Users\Александр\documents\visual studio 2012\Projects\Бюро знакомств\Бюро знакомств\Debug\Бюро знакомств.pch
C:\Users\Александр\documents\visual studio 2012\Projects\Бюро знакомств\Бюро знакомств\Debug\vc110.pdb
C:\Users\Александр\documents\visual studio 2012\Projects\Бюро знакомств\Бюро знакомств\Debug\RSAENH.DLL.bi
C:\Users\Александр\documents\visual studio 2012\Projects\Бюро знакомств\Бюро знакомств\Debug\TZRES.DLL.bi
C:\Users\Александр\documents\visual studio 2012\Projects\Бюро знакомств\Debug\Бюро знакомств.pdb
C:\Users\Александр\documents\visual studio 2012\Projects\Бюро знакомств\Debug\Бюро знакомств.exe
C:\Users\Александр\documents\visual studio 2012\Projects\Бюро знакомств\Debug\Бюро знакомств.ilk
