C:\USERS\Александр\DOCUMENTS\VISUAL STUDIO 2012\PROJECTS\Бюро знакомств\Бюро знакомств\RELEASE\Бюро знакомств.PCH
C:\USERS\Александр\DOCUMENTS\VISUAL STUDIO 2012\PROJECTS\Бюро знакомств\Бюро знакомств\RELEASE\STDAFX.OBJ
C:\USERS\АЛЕКСАНДР\DOCUMENTS\VISUAL STUDIO 2012\PROJECTS\БЮРО ЗНАКОМСТВ\БЮРО ЗНАКОМСТВ\RELEASE\VC110.PDB
C:\USERS\Александр\DOCUMENTS\VISUAL STUDIO 2012\PROJECTS\Бюро знакомств\Бюро знакомств\RELEASE\VIEWPOTENCIALMARRIED.OBJ
C:\USERS\Александр\DOCUMENTS\VISUAL STUDIO 2012\PROJECTS\Бюро знакомств\Бюро знакомств\RELEASE\NEWPOTENCIALMARRIED.OBJ
C:\USERS\Александр\DOCUMENTS\VISUAL STUDIO 2012\PROJECTS\Бюро знакомств\Бюро знакомств\RELEASE\MARRIED.OBJ
C:\USERS\Александр\DOCUMENTS\VISUAL STUDIO 2012\PROJECTS\Бюро знакомств\Бюро знакомств\RELEASE\GENERATINPAIR.OBJ
C:\USERS\Александр\DOCUMENTS\VISUAL STUDIO 2012\PROJECTS\Бюро знакомств\Бюро знакомств\RELEASE\DELETEPOTENCIALMARRIED.OBJ
C:\USERS\Александр\DOCUMENTS\VISUAL STUDIO 2012\PROJECTS\Бюро знакомств\Бюро знакомств\RELEASE\ASSEMBLYINFO.OBJ
C:\USERS\АЛЕКСАНДР\DOCUMENTS\VISUAL STUDIO 2012\PROJECTS\БЮРО ЗНАКОМСТВ\БЮРО ЗНАКОМСТВ\RELEASE\ASSEMBLYINFO.OBJ
C:\USERS\АЛЕКСАНДР\DOCUMENTS\VISUAL STUDIO 2012\PROJECTS\БЮРО ЗНАКОМСТВ\БЮРО ЗНАКОМСТВ\RELEASE\DELETEPOTENCIALMARRIED.OBJ
C:\USERS\АЛЕКСАНДР\DOCUMENTS\VISUAL STUDIO 2012\PROJECTS\БЮРО ЗНАКОМСТВ\БЮРО ЗНАКОМСТВ\RELEASE\GENERATINPAIR.OBJ
C:\USERS\АЛЕКСАНДР\DOCUMENTS\VISUAL STUDIO 2012\PROJECTS\БЮРО ЗНАКОМСТВ\БЮРО ЗНАКОМСТВ\RELEASE\MARRIED.OBJ
C:\USERS\АЛЕКСАНДР\DOCUMENTS\VISUAL STUDIO 2012\PROJECTS\БЮРО ЗНАКОМСТВ\БЮРО ЗНАКОМСТВ\RELEASE\NEWPOTENCIALMARRIED.OBJ
C:\USERS\Александр\DOCUMENTS\VISUAL STUDIO 2012\PROJECTS\Бюро знакомств\Бюро знакомств\RELEASE\.NETFRAMEWORK,VERSION=V4.5.ASSEMBLYATTRIBUTES.OBJ
C:\USERS\Александр\DOCUMENTS\VISUAL STUDIO 2012\PROJECTS\Бюро знакомств\RELEASE\Бюро знакомств.EXE
C:\USERS\АЛЕКСАНДР\DOCUMENTS\VISUAL STUDIO 2012\PROJECTS\БЮРО ЗНАКОМСТВ\RELEASE\БЮРО ЗНАКОМСТВ.PDB
C:\USERS\Александр\DOCUMENTS\VISUAL STUDIO 2012\PROJECTS\Бюро знакомств\Бюро знакомств\RELEASE\APP.RES
C:\Users\Александр\documents\visual studio 2012\Projects\Бюро знакомств\Бюро знакомств\Release\Бюро_знакомств.DeletePotencialMarried.resources
C:\Users\Александр\documents\visual studio 2012\Projects\Бюро знакомств\Бюро знакомств\Release\Бюро_знакомств.Form1.resources
C:\Users\Александр\documents\visual studio 2012\Projects\Бюро знакомств\Бюро знакомств\Release\Бюро_знакомств.GeneratinPair.resources
C:\Users\Александр\documents\visual studio 2012\Projects\Бюро знакомств\Бюро знакомств\Release\Бюро_знакомств.Married.resources
C:\Users\Александр\documents\visual studio 2012\Projects\Бюро знакомств\Бюро знакомств\Release\Бюро_знакомств.NewPotencialMarried.resources
C:\Users\Александр\documents\visual studio 2012\Projects\Бюро знакомств\Бюро знакомств\Release\Бюро_знакомств.ViewPotencialMarried.resources
C:\Users\Александр\documents\visual studio 2012\Projects\Бюро знакомств\Бюро знакомств\Release\Бюро знакомств.vcxproj.GenerateResource.Cache
C:\Users\Александр\documents\visual studio 2012\Projects\Бюро знакомств\Бюро знакомств\Release\Бюро знакомств.vcxprojResolveAssemblyReference.cache
C:\Users\Александр\documents\visual studio 2012\Projects\Бюро знакомств\Бюро знакомств\Release\.NETFramework,Version=v4.5.AssemblyAttributes.obj
C:\Users\Александр\documents\visual studio 2012\Projects\Бюро знакомств\Бюро знакомств\Release\AssemblyInfo.obj
C:\Users\Александр\documents\visual studio 2012\Projects\Бюро знакомств\Бюро знакомств\Release\DeletePotencialMarried.obj
C:\Users\Александр\documents\visual studio 2012\Projects\Бюро знакомств\Бюро знакомств\Release\GeneratinPair.obj
C:\Users\Александр\documents\visual studio 2012\Projects\Бюро знакомств\Бюро знакомств\Release\Married.obj
C:\Users\Александр\documents\visual studio 2012\Projects\Бюро знакомств\Бюро знакомств\Release\NewPotencialMarried.obj
C:\Users\Александр\documents\visual studio 2012\Projects\Бюро знакомств\Бюро знакомств\Release\Sample.obj
C:\Users\Александр\documents\visual studio 2012\Projects\Бюро знакомств\Бюро знакомств\Release\stdafx.obj
C:\Users\Александр\documents\visual studio 2012\Projects\Бюро знакомств\Бюро знакомств\Release\ViewPotencialMarried.obj
C:\Users\Александр\documents\visual studio 2012\Projects\Бюро знакомств\Бюро знакомств\Release\cl.command.1.tlog
C:\Users\Александр\documents\visual studio 2012\Projects\Бюро знакомств\Бюро знакомств\Release\CL.read.1.tlog
C:\Users\Александр\documents\visual studio 2012\Projects\Бюро знакомств\Бюро знакомств\Release\CL.write.1.tlog
C:\Users\Александр\documents\visual studio 2012\Projects\Бюро знакомств\Бюро знакомств\Release\link-cvtres.read.1.tlog
C:\Users\Александр\documents\visual studio 2012\Projects\Бюро знакомств\Бюро знакомств\Release\link-cvtres.write.1.tlog
C:\Users\Александр\documents\visual studio 2012\Projects\Бюро знакомств\Бюро знакомств\Release\link-rc.read.1.tlog
C:\Users\Александр\documents\visual studio 2012\Projects\Бюро знакомств\Бюро знакомств\Release\link-rc.write.1.tlog
C:\Users\Александр\documents\visual studio 2012\Projects\Бюро знакомств\Бюро знакомств\Release\link.command.1.tlog
C:\Users\Александр\documents\visual studio 2012\Projects\Бюро знакомств\Бюро знакомств\Release\link.read.1.tlog
C:\Users\Александр\documents\visual studio 2012\Projects\Бюро знакомств\Бюро знакомств\Release\link.write.1.tlog
C:\Users\Александр\documents\visual studio 2012\Projects\Бюро знакомств\Бюро знакомств\Release\metagen.read.1.tlog
C:\Users\Александр\documents\visual studio 2012\Projects\Бюро знакомств\Бюро знакомств\Release\metagen.write.1.tlog
C:\Users\Александр\documents\visual studio 2012\Projects\Бюро знакомств\Бюро знакомств\Release\rc.command.1.tlog
C:\Users\Александр\documents\visual studio 2012\Projects\Бюро знакомств\Бюро знакомств\Release\rc.read.1.tlog
C:\Users\Александр\documents\visual studio 2012\Projects\Бюро знакомств\Бюро знакомств\Release\rc.write.1.tlog
C:\Users\Александр\documents\visual studio 2012\Projects\Бюро знакомств\Бюро знакомств\Release\Бюро знакомств.write.1.tlog
C:\Users\Александр\documents\visual studio 2012\Projects\Бюро знакомств\Бюро знакомств\Release\app.res
C:\Users\Александр\documents\visual studio 2012\Projects\Бюро знакомств\Бюро знакомств\Release\Бюро знакомств.pch
C:\Users\Александр\documents\visual studio 2012\Projects\Бюро знакомств\Бюро знакомств\Release\vc110.pdb
C:\Users\Александр\documents\visual studio 2012\Projects\Бюро знакомств\Бюро знакомств\Release\RSAENH.DLL.bi
C:\Users\Александр\documents\visual studio 2012\Projects\Бюро знакомств\Бюро знакомств\Release\TZRES.DLL.bi
C:\Users\Александр\documents\visual studio 2012\Projects\Бюро знакомств\Release\Бюро знакомств.pdb
C:\Users\Александр\documents\visual studio 2012\Projects\Бюро знакомств\Release\Бюро знакомств.exe
